\BOOKMARK [0][-]{chapter.1}{Introducci\363n}{}% 1
\BOOKMARK [0][-]{chapter.2}{Generadores de N\372meros Aleatorios}{}% 2
\BOOKMARK [1][-]{section.2.1}{Cripto-Codificaci\363n ca\363tica Variante en el tiempo}{chapter.2}% 3
\BOOKMARK [2][-]{subsection.2.1.1}{Introduci\363n}{section.2.1}% 4
\BOOKMARK [2][-]{subsection.2.1.2}{Mapas cuadr\341ticos bidimensionales}{section.2.1}% 5
\BOOKMARK [2][-]{subsection.2.1.3}{Implementaci\363n}{section.2.1}% 6
\BOOKMARK [2][-]{subsection.2.1.4}{Resultados}{section.2.1}% 7
\BOOKMARK [1][-]{section.2.2}{Codificaci\363n variable en el tiempo empleando mapa ca\363tico \(p\363ster CASE2012\)}{chapter.2}% 8
\BOOKMARK [1][-]{section.2.3}{Estudio del Caos en Redes Neuronales Discretas para su Implementaci\363n en Hardware \(Informe Inteligencia computacional, Poster CASE2014\)}{chapter.2}% 9
\BOOKMARK [1][-]{section.2.4}{RO-based PRNG: FPGA implementation and stochastic analysis}{chapter.2}% 10
\BOOKMARK [2][-]{subsection.2.4.1}{Introduction}{section.2.4}% 11
\BOOKMARK [2][-]{subsection.2.4.2}{Hardware implementation.}{section.2.4}% 12
\BOOKMARK [2][-]{subsection.2.4.3}{Quantifiers}{section.2.4}% 13
\BOOKMARK [2][-]{subsection.2.4.4}{Results}{section.2.4}% 14
\BOOKMARK [2][-]{subsection.2.4.5}{Conclusions}{section.2.4}% 15
\BOOKMARK [1][-]{section.2.5}{Implementaci\363n de algoritmo gen\351tico para la b\372squeda autom\341tica de caos en sistemas multiatractores \(p\363ster CASE2013\)}{chapter.2}% 16
\BOOKMARK [0][-]{chapter.3}{Cuantificadores de Aleatoriedad}{}% 17
\BOOKMARK [1][-]{section.3.1}{Implementaci\363n de algoritmo gen\351tico para la b\372squeda autom\341tica de caos \(P\363ster CASE 2013\)}{chapter.3}% 18
\BOOKMARK [1][-]{section.3.2}{Hardware Implementation of Maximum Lyapunov Exponent}{chapter.3}% 19
\BOOKMARK [2][-]{subsection.3.2.1}{Introduction}{section.3.2}% 20
\BOOKMARK [2][-]{subsection.3.2.2}{Maximum Lyapunov exponent}{section.3.2}% 21
\BOOKMARK [2][-]{subsection.3.2.3}{Chaotic System analyzed}{section.3.2}% 22
\BOOKMARK [2][-]{subsection.3.2.4}{Design of the System}{section.3.2}% 23
\BOOKMARK [2][-]{subsection.3.2.5}{Results}{section.3.2}% 24
\BOOKMARK [2][-]{subsection.3.2.6}{Conclusions}{section.3.2}% 25
\BOOKMARK [1][-]{section.3.3}{Causal and Non-causal Entropy quantifiers implemented in FPGA}{chapter.3}% 26
\BOOKMARK [2][-]{subsection.3.3.1}{Introduction}{section.3.3}% 27
\BOOKMARK [2][-]{subsection.3.3.2}{Causal and Non causal Entropy}{section.3.3}% 28
\BOOKMARK [2][-]{subsection.3.3.3}{Implemented Hardware}{section.3.3}% 29
\BOOKMARK [2][-]{subsection.3.3.4}{Implemented Software}{section.3.3}% 30
\BOOKMARK [2][-]{subsection.3.3.5}{Results}{section.3.3}% 31
\BOOKMARK [2][-]{subsection.3.3.6}{Discussion}{section.3.3}% 32
\BOOKMARK [2][-]{subsection.3.3.7}{Conclusions and future work}{section.3.3}% 33
\BOOKMARK [1][-]{section.3.4}{Measuring the Jitter of Ring Oscillators by means of Information Theory Quantifiers}{chapter.3}% 34
\BOOKMARK [2][-]{subsection.3.4.1}{Introduction}{section.3.4}% 35
\BOOKMARK [2][-]{subsection.3.4.2}{Determination of jitter in RO's}{section.3.4}% 36
\BOOKMARK [2][-]{subsection.3.4.3}{Information Theory Quantifiers}{section.3.4}% 37
\BOOKMARK [2][-]{subsection.3.4.4}{Results}{section.3.4}% 38
\BOOKMARK [2][-]{subsection.3.4.5}{Conclusions}{section.3.4}% 39
\BOOKMARK [0][-]{chapter.4}{El problema de la Aritm\351tica Discreta}{}% 40
\BOOKMARK [1][-]{section.4.1}{Analysis of the digital implementation of a chaotic deterministic-stochastic attractor \(EAMTA 2012\)}{chapter.4}% 41
\BOOKMARK [1][-]{section.4.2}{Complexity of switching chaotic maps}{chapter.4}% 42
\BOOKMARK [2][-]{subsection.4.2.1}{Introduction}{section.4.2}% 43
\BOOKMARK [2][-]{subsection.4.2.2}{Information theory quantifiers}{section.4.2}% 44
\BOOKMARK [2][-]{subsection.4.2.3}{Results}{section.4.2}% 45
\BOOKMARK [2][-]{subsection.4.2.4}{Simple maps.}{section.4.2}% 46
\BOOKMARK [2][-]{subsection.4.2.5}{Conclusions}{section.4.2}% 47
\BOOKMARK [0][-]{appendix.Alph1}{Field Programmable Gate Array \(FPGA\)}{}% 48
